2020-08-02 00:07:05.124 DEBUG 28983 --- [http-nio-8080-exec-3] c.k.pma.logging.ApplicationLoggerAspect  : 
  
  

2020-08-02 00:07:05.132 DEBUG 28983 --- [http-nio-8080-exec-3] c.k.pma.logging.ApplicationLoggerAspect  : *************** Logging details before proceed *************  
 com.kaush.pma.controllers.EmployeeController.addEmployee () with argument[s] = [{employee=Employee [employeeId=0, firstName=, lastName=, email=, projects=null], org.springframework.validation.BindingResult.employee=org.springframework.validation.BeanPropertyBindingResult: 2 errors
Field error in object 'employee' on field 'firstName': rejected value []; codes [Size.employee.firstName,Size.firstName,Size.java.lang.String,Size]; arguments [org.springframework.context.support.DefaultMessageSourceResolvable: codes [employee.firstName,firstName]; arguments []; default message [firstName],50,2]; default message [size must be between 2 and 50]
Field error in object 'employee' on field 'lastName': rejected value []; codes [Size.employee.lastName,Size.lastName,Size.java.lang.String,Size]; arguments [org.springframework.context.support.DefaultMessageSourceResolvable: codes [employee.lastName,lastName]; arguments []; default message [lastName],50,2]; default message [size must be between 2 and 50]}, Employee [employeeId=0, firstName=, lastName=, email=, projects=null], org.springframework.validation.BeanPropertyBindingResult: 2 errors
Field error in object 'employee' on field 'firstName': rejected value []; codes [Size.employee.firstName,Size.firstName,Size.java.lang.String,Size]; arguments [org.springframework.context.support.DefaultMessageSourceResolvable: codes [employee.firstName,firstName]; arguments []; default message [firstName],50,2]; default message [size must be between 2 and 50]
Field error in object 'employee' on field 'lastName': rejected value []; codes [Size.employee.lastName,Size.lastName,Size.java.lang.String,Size]; arguments [org.springframework.context.support.DefaultMessageSourceResolvable: codes [employee.lastName,lastName]; arguments []; default message [lastName],50,2]; default message [size must be between 2 and 50]]
2020-08-02 00:07:05.133 DEBUG 28983 --- [http-nio-8080-exec-3] c.k.pma.logging.ApplicationLoggerAspect  : ------------------------------------------------- 
 
 

2020-08-02 00:07:05.133 DEBUG 28983 --- [http-nio-8080-exec-3] c.k.pma.logging.ApplicationLoggerAspect  : 
  
  

2020-08-02 00:07:05.133 DEBUG 28983 --- [http-nio-8080-exec-3] c.k.pma.logging.ApplicationLoggerAspect  : *************** Logging details after proceed *************  
 com.kaush.pma.controllers.EmployeeController.addEmployee () with argument[s] = [{employee=Employee [employeeId=0, firstName=, lastName=, email=, projects=null], org.springframework.validation.BindingResult.employee=org.springframework.validation.BeanPropertyBindingResult: 2 errors
Field error in object 'employee' on field 'firstName': rejected value []; codes [Size.employee.firstName,Size.firstName,Size.java.lang.String,Size]; arguments [org.springframework.context.support.DefaultMessageSourceResolvable: codes [employee.firstName,firstName]; arguments []; default message [firstName],50,2]; default message [size must be between 2 and 50]
Field error in object 'employee' on field 'lastName': rejected value []; codes [Size.employee.lastName,Size.lastName,Size.java.lang.String,Size]; arguments [org.springframework.context.support.DefaultMessageSourceResolvable: codes [employee.lastName,lastName]; arguments []; default message [lastName],50,2]; default message [size must be between 2 and 50]}, Employee [employeeId=0, firstName=, lastName=, email=, projects=null], org.springframework.validation.BeanPropertyBindingResult: 2 errors
Field error in object 'employee' on field 'firstName': rejected value []; codes [Size.employee.firstName,Size.firstName,Size.java.lang.String,Size]; arguments [org.springframework.context.support.DefaultMessageSourceResolvable: codes [employee.firstName,firstName]; arguments []; default message [firstName],50,2]; default message [size must be between 2 and 50]
Field error in object 'employee' on field 'lastName': rejected value []; codes [Size.employee.lastName,Size.lastName,Size.java.lang.String,Size]; arguments [org.springframework.context.support.DefaultMessageSourceResolvable: codes [employee.lastName,lastName]; arguments []; default message [lastName],50,2]; default message [size must be between 2 and 50]]
2020-08-02 00:07:05.133 DEBUG 28983 --- [http-nio-8080-exec-3] c.k.pma.logging.ApplicationLoggerAspect  : ------------------------------------------------- 
 
 

2020-08-02 00:08:24.827 DEBUG 28983 --- [http-nio-8080-exec-8] c.k.pma.logging.ApplicationLoggerAspect  : 
  
  

2020-08-02 00:08:24.828 DEBUG 28983 --- [http-nio-8080-exec-8] c.k.pma.logging.ApplicationLoggerAspect  : *************** Logging details before proceed *************  
 com.kaush.pma.controllers.EmployeeController.addEmployee () with argument[s] = [{employee=Employee [employeeId=0, firstName=, lastName=, email=, projects=null], org.springframework.validation.BindingResult.employee=org.springframework.validation.BeanPropertyBindingResult: 2 errors
Field error in object 'employee' on field 'firstName': rejected value []; codes [Size.employee.firstName,Size.firstName,Size.java.lang.String,Size]; arguments [org.springframework.context.support.DefaultMessageSourceResolvable: codes [employee.firstName,firstName]; arguments []; default message [firstName],50,2]; default message [size must be between 2 and 50]
Field error in object 'employee' on field 'lastName': rejected value []; codes [Size.employee.lastName,Size.lastName,Size.java.lang.String,Size]; arguments [org.springframework.context.support.DefaultMessageSourceResolvable: codes [employee.lastName,lastName]; arguments []; default message [lastName],50,2]; default message [size must be between 2 and 50]}, Employee [employeeId=0, firstName=, lastName=, email=, projects=null], org.springframework.validation.BeanPropertyBindingResult: 2 errors
Field error in object 'employee' on field 'firstName': rejected value []; codes [Size.employee.firstName,Size.firstName,Size.java.lang.String,Size]; arguments [org.springframework.context.support.DefaultMessageSourceResolvable: codes [employee.firstName,firstName]; arguments []; default message [firstName],50,2]; default message [size must be between 2 and 50]
Field error in object 'employee' on field 'lastName': rejected value []; codes [Size.employee.lastName,Size.lastName,Size.java.lang.String,Size]; arguments [org.springframework.context.support.DefaultMessageSourceResolvable: codes [employee.lastName,lastName]; arguments []; default message [lastName],50,2]; default message [size must be between 2 and 50]]
2020-08-02 00:08:24.828 DEBUG 28983 --- [http-nio-8080-exec-8] c.k.pma.logging.ApplicationLoggerAspect  : ------------------------------------------------- 
 
 

2020-08-02 00:08:24.828 DEBUG 28983 --- [http-nio-8080-exec-8] c.k.pma.logging.ApplicationLoggerAspect  : 
  
  

2020-08-02 00:08:24.828 DEBUG 28983 --- [http-nio-8080-exec-8] c.k.pma.logging.ApplicationLoggerAspect  : *************** Logging details after proceed *************  
 com.kaush.pma.controllers.EmployeeController.addEmployee () with argument[s] = [{employee=Employee [employeeId=0, firstName=, lastName=, email=, projects=null], org.springframework.validation.BindingResult.employee=org.springframework.validation.BeanPropertyBindingResult: 2 errors
Field error in object 'employee' on field 'firstName': rejected value []; codes [Size.employee.firstName,Size.firstName,Size.java.lang.String,Size]; arguments [org.springframework.context.support.DefaultMessageSourceResolvable: codes [employee.firstName,firstName]; arguments []; default message [firstName],50,2]; default message [size must be between 2 and 50]
Field error in object 'employee' on field 'lastName': rejected value []; codes [Size.employee.lastName,Size.lastName,Size.java.lang.String,Size]; arguments [org.springframework.context.support.DefaultMessageSourceResolvable: codes [employee.lastName,lastName]; arguments []; default message [lastName],50,2]; default message [size must be between 2 and 50]}, Employee [employeeId=0, firstName=, lastName=, email=, projects=null], org.springframework.validation.BeanPropertyBindingResult: 2 errors
Field error in object 'employee' on field 'firstName': rejected value []; codes [Size.employee.firstName,Size.firstName,Size.java.lang.String,Size]; arguments [org.springframework.context.support.DefaultMessageSourceResolvable: codes [employee.firstName,firstName]; arguments []; default message [firstName],50,2]; default message [size must be between 2 and 50]
Field error in object 'employee' on field 'lastName': rejected value []; codes [Size.employee.lastName,Size.lastName,Size.java.lang.String,Size]; arguments [org.springframework.context.support.DefaultMessageSourceResolvable: codes [employee.lastName,lastName]; arguments []; default message [lastName],50,2]; default message [size must be between 2 and 50]]
2020-08-02 00:08:24.828 DEBUG 28983 --- [http-nio-8080-exec-8] c.k.pma.logging.ApplicationLoggerAspect  : ------------------------------------------------- 
 
 

2020-08-02 00:10:02.995 DEBUG 28983 --- [http-nio-8080-exec-1] c.k.pma.logging.ApplicationLoggerAspect  : 
  
  

2020-08-02 00:10:02.996 DEBUG 28983 --- [http-nio-8080-exec-1] c.k.pma.logging.ApplicationLoggerAspect  : *************** Logging details before proceed *************  
 com.kaush.pma.controllers.EmployeeController.addEmployee () with argument[s] = [{employee=Employee [employeeId=0, firstName=, lastName=, email=, projects=null], org.springframework.validation.BindingResult.employee=org.springframework.validation.BeanPropertyBindingResult: 2 errors
Field error in object 'employee' on field 'firstName': rejected value []; codes [Size.employee.firstName,Size.firstName,Size.java.lang.String,Size]; arguments [org.springframework.context.support.DefaultMessageSourceResolvable: codes [employee.firstName,firstName]; arguments []; default message [firstName],50,2]; default message [size must be between 2 and 50]
Field error in object 'employee' on field 'lastName': rejected value []; codes [Size.employee.lastName,Size.lastName,Size.java.lang.String,Size]; arguments [org.springframework.context.support.DefaultMessageSourceResolvable: codes [employee.lastName,lastName]; arguments []; default message [lastName],50,2]; default message [size must be between 2 and 50]}, Employee [employeeId=0, firstName=, lastName=, email=, projects=null], org.springframework.validation.BeanPropertyBindingResult: 2 errors
Field error in object 'employee' on field 'firstName': rejected value []; codes [Size.employee.firstName,Size.firstName,Size.java.lang.String,Size]; arguments [org.springframework.context.support.DefaultMessageSourceResolvable: codes [employee.firstName,firstName]; arguments []; default message [firstName],50,2]; default message [size must be between 2 and 50]
Field error in object 'employee' on field 'lastName': rejected value []; codes [Size.employee.lastName,Size.lastName,Size.java.lang.String,Size]; arguments [org.springframework.context.support.DefaultMessageSourceResolvable: codes [employee.lastName,lastName]; arguments []; default message [lastName],50,2]; default message [size must be between 2 and 50]]
2020-08-02 00:10:02.996 DEBUG 28983 --- [http-nio-8080-exec-1] c.k.pma.logging.ApplicationLoggerAspect  : ------------------------------------------------- 
 
 

2020-08-02 00:10:02.996 DEBUG 28983 --- [http-nio-8080-exec-1] c.k.pma.logging.ApplicationLoggerAspect  : 
  
  

2020-08-02 00:10:02.996 DEBUG 28983 --- [http-nio-8080-exec-1] c.k.pma.logging.ApplicationLoggerAspect  : *************** Logging details after proceed *************  
 com.kaush.pma.controllers.EmployeeController.addEmployee () with argument[s] = [{employee=Employee [employeeId=0, firstName=, lastName=, email=, projects=null], org.springframework.validation.BindingResult.employee=org.springframework.validation.BeanPropertyBindingResult: 2 errors
Field error in object 'employee' on field 'firstName': rejected value []; codes [Size.employee.firstName,Size.firstName,Size.java.lang.String,Size]; arguments [org.springframework.context.support.DefaultMessageSourceResolvable: codes [employee.firstName,firstName]; arguments []; default message [firstName],50,2]; default message [size must be between 2 and 50]
Field error in object 'employee' on field 'lastName': rejected value []; codes [Size.employee.lastName,Size.lastName,Size.java.lang.String,Size]; arguments [org.springframework.context.support.DefaultMessageSourceResolvable: codes [employee.lastName,lastName]; arguments []; default message [lastName],50,2]; default message [size must be between 2 and 50]}, Employee [employeeId=0, firstName=, lastName=, email=, projects=null], org.springframework.validation.BeanPropertyBindingResult: 2 errors
Field error in object 'employee' on field 'firstName': rejected value []; codes [Size.employee.firstName,Size.firstName,Size.java.lang.String,Size]; arguments [org.springframework.context.support.DefaultMessageSourceResolvable: codes [employee.firstName,firstName]; arguments []; default message [firstName],50,2]; default message [size must be between 2 and 50]
Field error in object 'employee' on field 'lastName': rejected value []; codes [Size.employee.lastName,Size.lastName,Size.java.lang.String,Size]; arguments [org.springframework.context.support.DefaultMessageSourceResolvable: codes [employee.lastName,lastName]; arguments []; default message [lastName],50,2]; default message [size must be between 2 and 50]]
2020-08-02 00:10:02.996 DEBUG 28983 --- [http-nio-8080-exec-1] c.k.pma.logging.ApplicationLoggerAspect  : ------------------------------------------------- 
 
 

2020-08-02 00:14:11.587  INFO 28983 --- [Thread-2568] j.LocalContainerEntityManagerFactoryBean : Closing JPA EntityManagerFactory for persistence unit 'default'
2020-08-02 00:14:11.588  INFO 28983 --- [Thread-2568] o.s.s.concurrent.ThreadPoolTaskExecutor  : Shutting down ExecutorService 'applicationTaskExecutor'
2020-08-02 00:14:11.772  INFO 28983 --- [restartedMain] c.k.pma.ProjectManagementApplication     : Starting ProjectManagementApplication on kaush-pc with PID 28983 (/media/kaushika/My_Space/web-development/eclipse-workspace4/project-management/target/classes started by kaushika in /media/kaushika/My_Space/web-development/eclipse-workspace4/project-management)
2020-08-02 00:14:11.772 DEBUG 28983 --- [restartedMain] c.k.pma.ProjectManagementApplication     : Running with Spring Boot v2.3.0.RELEASE, Spring v5.2.6.RELEASE
2020-08-02 00:14:11.772  INFO 28983 --- [restartedMain] c.k.pma.ProjectManagementApplication     : The following profiles are active: dev
2020-08-02 00:14:12.051  INFO 28983 --- [restartedMain] .s.d.r.c.RepositoryConfigurationDelegate : Multiple Spring Data modules found, entering strict repository configuration mode!
2020-08-02 00:14:12.051  INFO 28983 --- [restartedMain] .s.d.r.c.RepositoryConfigurationDelegate : Bootstrapping Spring Data JDBC repositories in DEFAULT mode.
2020-08-02 00:14:12.055  INFO 28983 --- [restartedMain] .RepositoryConfigurationExtensionSupport : Spring Data JDBC - Could not safely identify store assignment for repository candidate interface com.kaush.pma.dao.EmployeeRepository. If you want this repository to be a JDBC repository, consider annotating your entities with one of these annotations: org.springframework.data.relational.core.mapping.Table.
2020-08-02 00:14:12.056  INFO 28983 --- [restartedMain] .RepositoryConfigurationExtensionSupport : Spring Data JDBC - Could not safely identify store assignment for repository candidate interface com.kaush.pma.dao.ProjectRepository. If you want this repository to be a JDBC repository, consider annotating your entities with one of these annotations: org.springframework.data.relational.core.mapping.Table.
2020-08-02 00:14:12.056  INFO 28983 --- [restartedMain] .RepositoryConfigurationExtensionSupport : Spring Data JDBC - Could not safely identify store assignment for repository candidate interface com.kaush.pma.dao.UserAccountRepository. If you want this repository to be a JDBC repository, consider annotating your entities with one of these annotations: org.springframework.data.relational.core.mapping.Table.
2020-08-02 00:14:12.056  INFO 28983 --- [restartedMain] .s.d.r.c.RepositoryConfigurationDelegate : Finished Spring Data repository scanning in 5ms. Found 0 JDBC repository interfaces.
2020-08-02 00:14:12.059  INFO 28983 --- [restartedMain] .s.d.r.c.RepositoryConfigurationDelegate : Multiple Spring Data modules found, entering strict repository configuration mode!
2020-08-02 00:14:12.059  INFO 28983 --- [restartedMain] .s.d.r.c.RepositoryConfigurationDelegate : Bootstrapping Spring Data JPA repositories in DEFERRED mode.
2020-08-02 00:14:12.066  INFO 28983 --- [restartedMain] .s.d.r.c.RepositoryConfigurationDelegate : Finished Spring Data repository scanning in 7ms. Found 3 JPA repository interfaces.
2020-08-02 00:14:12.175  INFO 28983 --- [restartedMain] o.s.b.w.embedded.tomcat.TomcatWebServer  : Tomcat initialized with port(s): 8080 (http)
2020-08-02 00:14:12.183  INFO 28983 --- [restartedMain] o.s.web.context.ContextLoader            : Root WebApplicationContext: initialization completed in 410 ms
2020-08-02 00:14:12.229  INFO 28983 --- [restartedMain] o.s.b.a.h2.H2ConsoleAutoConfiguration    : H2 console available at '/h2-console'. Database available at 'jdbc:postgresql://localhost:5432/pma-springbootdb'
2020-08-02 00:14:12.266  INFO 28983 --- [restartedMain] o.s.s.concurrent.ThreadPoolTaskExecutor  : Initializing ExecutorService 'applicationTaskExecutor'
2020-08-02 00:14:12.326  WARN 28983 --- [restartedMain] JpaBaseConfiguration$JpaWebConfiguration : spring.jpa.open-in-view is enabled by default. Therefore, database queries may be performed during view rendering. Explicitly configure spring.jpa.open-in-view to disable this warning
2020-08-02 00:14:12.348  INFO 28983 --- [task-1] j.LocalContainerEntityManagerFactoryBean : Initialized JPA EntityManagerFactory for persistence unit 'default'
2020-08-02 00:14:12.460  INFO 28983 --- [restartedMain] o.s.s.web.DefaultSecurityFilterChain     : Creating filter chain: any request, [org.springframework.security.web.context.request.async.WebAsyncManagerIntegrationFilter@14697a21, org.springframework.security.web.context.SecurityContextPersistenceFilter@4985a3cb, org.springframework.security.web.header.HeaderWriterFilter@57e8b18e, org.springframework.security.web.authentication.logout.LogoutFilter@708079af, org.springframework.security.web.authentication.UsernamePasswordAuthenticationFilter@27db051c, org.springframework.security.web.authentication.ui.DefaultLoginPageGeneratingFilter@581a1251, org.springframework.security.web.authentication.ui.DefaultLogoutPageGeneratingFilter@8e07892, org.springframework.security.web.savedrequest.RequestCacheAwareFilter@3e9e46ff, org.springframework.security.web.servletapi.SecurityContextHolderAwareRequestFilter@2ce8f463, org.springframework.security.web.authentication.AnonymousAuthenticationFilter@31556940, org.springframework.security.web.session.SessionManagementFilter@152c255a, org.springframework.security.web.access.ExceptionTranslationFilter@36e83094, org.springframework.security.web.access.intercept.FilterSecurityInterceptor@4d6e9c42]
2020-08-02 00:14:12.565  INFO 28983 --- [restartedMain] o.s.b.d.a.OptionalLiveReloadServer       : LiveReload server is running on port 35729
2020-08-02 00:14:12.574  INFO 28983 --- [restartedMain] o.s.b.w.embedded.tomcat.TomcatWebServer  : Tomcat started on port(s): 8080 (http) with context path ''
2020-08-02 00:14:12.575  INFO 28983 --- [restartedMain] DeferredRepositoryInitializationListener : Triggering deferred initialization of Spring Data repositories…
2020-08-02 00:14:12.586  INFO 28983 --- [restartedMain] DeferredRepositoryInitializationListener : Spring Data repositories initialized!
2020-08-02 00:14:12.589  INFO 28983 --- [restartedMain] c.k.pma.ProjectManagementApplication     : Started ProjectManagementApplication in 0.841 seconds (JVM running for 10096.221)
2020-08-02 00:14:12.590  INFO 28983 --- [restartedMain] .ConditionEvaluationDeltaLoggingListener : Condition evaluation unchanged
2020-08-02 00:15:41.384  INFO 28983 --- [Thread-2801] j.LocalContainerEntityManagerFactoryBean : Closing JPA EntityManagerFactory for persistence unit 'default'
2020-08-02 00:15:41.385  INFO 28983 --- [Thread-2801] o.s.s.concurrent.ThreadPoolTaskExecutor  : Shutting down ExecutorService 'applicationTaskExecutor'
2020-08-02 00:15:41.491  INFO 28983 --- [restartedMain] c.k.pma.ProjectManagementApplication     : Starting ProjectManagementApplication on kaush-pc with PID 28983 (/media/kaushika/My_Space/web-development/eclipse-workspace4/project-management/target/classes started by kaushika in /media/kaushika/My_Space/web-development/eclipse-workspace4/project-management)
2020-08-02 00:15:41.491 DEBUG 28983 --- [restartedMain] c.k.pma.ProjectManagementApplication     : Running with Spring Boot v2.3.0.RELEASE, Spring v5.2.6.RELEASE
2020-08-02 00:15:41.491  INFO 28983 --- [restartedMain] c.k.pma.ProjectManagementApplication     : The following profiles are active: dev
2020-08-02 00:15:41.731  INFO 28983 --- [restartedMain] .s.d.r.c.RepositoryConfigurationDelegate : Multiple Spring Data modules found, entering strict repository configuration mode!
2020-08-02 00:15:41.731  INFO 28983 --- [restartedMain] .s.d.r.c.RepositoryConfigurationDelegate : Bootstrapping Spring Data JDBC repositories in DEFAULT mode.
2020-08-02 00:15:41.735  INFO 28983 --- [restartedMain] .RepositoryConfigurationExtensionSupport : Spring Data JDBC - Could not safely identify store assignment for repository candidate interface com.kaush.pma.dao.EmployeeRepository. If you want this repository to be a JDBC repository, consider annotating your entities with one of these annotations: org.springframework.data.relational.core.mapping.Table.
2020-08-02 00:15:41.736  INFO 28983 --- [restartedMain] .RepositoryConfigurationExtensionSupport : Spring Data JDBC - Could not safely identify store assignment for repository candidate interface com.kaush.pma.dao.ProjectRepository. If you want this repository to be a JDBC repository, consider annotating your entities with one of these annotations: org.springframework.data.relational.core.mapping.Table.
2020-08-02 00:15:41.736  INFO 28983 --- [restartedMain] .RepositoryConfigurationExtensionSupport : Spring Data JDBC - Could not safely identify store assignment for repository candidate interface com.kaush.pma.dao.UserAccountRepository. If you want this repository to be a JDBC repository, consider annotating your entities with one of these annotations: org.springframework.data.relational.core.mapping.Table.
2020-08-02 00:15:41.736  INFO 28983 --- [restartedMain] .s.d.r.c.RepositoryConfigurationDelegate : Finished Spring Data repository scanning in 4ms. Found 0 JDBC repository interfaces.
2020-08-02 00:15:41.738  INFO 28983 --- [restartedMain] .s.d.r.c.RepositoryConfigurationDelegate : Multiple Spring Data modules found, entering strict repository configuration mode!
2020-08-02 00:15:41.738  INFO 28983 --- [restartedMain] .s.d.r.c.RepositoryConfigurationDelegate : Bootstrapping Spring Data JPA repositories in DEFERRED mode.
2020-08-02 00:15:41.744  INFO 28983 --- [restartedMain] .s.d.r.c.RepositoryConfigurationDelegate : Finished Spring Data repository scanning in 5ms. Found 3 JPA repository interfaces.
2020-08-02 00:15:41.839  INFO 28983 --- [restartedMain] o.s.b.w.embedded.tomcat.TomcatWebServer  : Tomcat initialized with port(s): 8080 (http)
2020-08-02 00:15:41.846  INFO 28983 --- [restartedMain] o.s.web.context.ContextLoader            : Root WebApplicationContext: initialization completed in 354 ms
2020-08-02 00:15:41.881  INFO 28983 --- [restartedMain] o.s.b.a.h2.H2ConsoleAutoConfiguration    : H2 console available at '/h2-console'. Database available at 'jdbc:postgresql://localhost:5432/pma-springbootdb'
2020-08-02 00:15:41.916  INFO 28983 --- [restartedMain] o.s.s.concurrent.ThreadPoolTaskExecutor  : Initializing ExecutorService 'applicationTaskExecutor'
2020-08-02 00:15:41.983  WARN 28983 --- [restartedMain] JpaBaseConfiguration$JpaWebConfiguration : spring.jpa.open-in-view is enabled by default. Therefore, database queries may be performed during view rendering. Explicitly configure spring.jpa.open-in-view to disable this warning
2020-08-02 00:15:41.983  INFO 28983 --- [task-1] j.LocalContainerEntityManagerFactoryBean : Initialized JPA EntityManagerFactory for persistence unit 'default'
2020-08-02 00:15:42.125  INFO 28983 --- [restartedMain] o.s.s.web.DefaultSecurityFilterChain     : Creating filter chain: any request, [org.springframework.security.web.context.request.async.WebAsyncManagerIntegrationFilter@169593a7, org.springframework.security.web.context.SecurityContextPersistenceFilter@208a571c, org.springframework.security.web.header.HeaderWriterFilter@34a9028b, org.springframework.security.web.authentication.logout.LogoutFilter@2c7e2aa2, org.springframework.security.web.authentication.UsernamePasswordAuthenticationFilter@3a0328e4, org.springframework.security.web.authentication.ui.DefaultLoginPageGeneratingFilter@2923dd94, org.springframework.security.web.authentication.ui.DefaultLogoutPageGeneratingFilter@2be9d4c5, org.springframework.security.web.savedrequest.RequestCacheAwareFilter@33189e43, org.springframework.security.web.servletapi.SecurityContextHolderAwareRequestFilter@4fd96ff1, org.springframework.security.web.authentication.AnonymousAuthenticationFilter@6e812051, org.springframework.security.web.session.SessionManagementFilter@6d617fa9, org.springframework.security.web.access.ExceptionTranslationFilter@1de1cc12, org.springframework.security.web.access.intercept.FilterSecurityInterceptor@220ce425]
2020-08-02 00:15:42.235  INFO 28983 --- [restartedMain] o.s.b.d.a.OptionalLiveReloadServer       : LiveReload server is running on port 35729
2020-08-02 00:15:42.246  INFO 28983 --- [restartedMain] o.s.b.w.embedded.tomcat.TomcatWebServer  : Tomcat started on port(s): 8080 (http) with context path ''
2020-08-02 00:15:42.246  INFO 28983 --- [restartedMain] DeferredRepositoryInitializationListener : Triggering deferred initialization of Spring Data repositories…
2020-08-02 00:15:42.259  INFO 28983 --- [restartedMain] DeferredRepositoryInitializationListener : Spring Data repositories initialized!
2020-08-02 00:15:42.263  INFO 28983 --- [restartedMain] c.k.pma.ProjectManagementApplication     : Started ProjectManagementApplication in 0.791 seconds (JVM running for 10185.895)
2020-08-02 00:15:42.264  INFO 28983 --- [restartedMain] .ConditionEvaluationDeltaLoggingListener : Condition evaluation unchanged
2020-08-02 00:17:03.980  INFO 28983 --- [Thread-3034] j.LocalContainerEntityManagerFactoryBean : Closing JPA EntityManagerFactory for persistence unit 'default'
2020-08-02 00:17:03.981  INFO 28983 --- [Thread-3034] o.s.s.concurrent.ThreadPoolTaskExecutor  : Shutting down ExecutorService 'applicationTaskExecutor'
2020-08-02 00:17:04.115  INFO 28983 --- [restartedMain] c.k.pma.ProjectManagementApplication     : Starting ProjectManagementApplication on kaush-pc with PID 28983 (/media/kaushika/My_Space/web-development/eclipse-workspace4/project-management/target/classes started by kaushika in /media/kaushika/My_Space/web-development/eclipse-workspace4/project-management)
2020-08-02 00:17:04.115 DEBUG 28983 --- [restartedMain] c.k.pma.ProjectManagementApplication     : Running with Spring Boot v2.3.0.RELEASE, Spring v5.2.6.RELEASE
2020-08-02 00:17:04.115  INFO 28983 --- [restartedMain] c.k.pma.ProjectManagementApplication     : The following profiles are active: dev
2020-08-02 00:17:04.339  INFO 28983 --- [restartedMain] .s.d.r.c.RepositoryConfigurationDelegate : Multiple Spring Data modules found, entering strict repository configuration mode!
2020-08-02 00:17:04.339  INFO 28983 --- [restartedMain] .s.d.r.c.RepositoryConfigurationDelegate : Bootstrapping Spring Data JDBC repositories in DEFAULT mode.
2020-08-02 00:17:04.344  INFO 28983 --- [restartedMain] .RepositoryConfigurationExtensionSupport : Spring Data JDBC - Could not safely identify store assignment for repository candidate interface com.kaush.pma.dao.EmployeeRepository. If you want this repository to be a JDBC repository, consider annotating your entities with one of these annotations: org.springframework.data.relational.core.mapping.Table.
2020-08-02 00:17:04.345  INFO 28983 --- [restartedMain] .RepositoryConfigurationExtensionSupport : Spring Data JDBC - Could not safely identify store assignment for repository candidate interface com.kaush.pma.dao.ProjectRepository. If you want this repository to be a JDBC repository, consider annotating your entities with one of these annotations: org.springframework.data.relational.core.mapping.Table.
2020-08-02 00:17:04.345  INFO 28983 --- [restartedMain] .RepositoryConfigurationExtensionSupport : Spring Data JDBC - Could not safely identify store assignment for repository candidate interface com.kaush.pma.dao.UserAccountRepository. If you want this repository to be a JDBC repository, consider annotating your entities with one of these annotations: org.springframework.data.relational.core.mapping.Table.
2020-08-02 00:17:04.345  INFO 28983 --- [restartedMain] .s.d.r.c.RepositoryConfigurationDelegate : Finished Spring Data repository scanning in 6ms. Found 0 JDBC repository interfaces.
2020-08-02 00:17:04.349  INFO 28983 --- [restartedMain] .s.d.r.c.RepositoryConfigurationDelegate : Multiple Spring Data modules found, entering strict repository configuration mode!
2020-08-02 00:17:04.349  INFO 28983 --- [restartedMain] .s.d.r.c.RepositoryConfigurationDelegate : Bootstrapping Spring Data JPA repositories in DEFERRED mode.
2020-08-02 00:17:04.354  INFO 28983 --- [restartedMain] .s.d.r.c.RepositoryConfigurationDelegate : Finished Spring Data repository scanning in 5ms. Found 3 JPA repository interfaces.
2020-08-02 00:17:04.470  INFO 28983 --- [restartedMain] o.s.b.w.embedded.tomcat.TomcatWebServer  : Tomcat initialized with port(s): 8080 (http)
2020-08-02 00:17:04.478  INFO 28983 --- [restartedMain] o.s.web.context.ContextLoader            : Root WebApplicationContext: initialization completed in 361 ms
2020-08-02 00:17:04.515  INFO 28983 --- [restartedMain] o.s.b.a.h2.H2ConsoleAutoConfiguration    : H2 console available at '/h2-console'. Database available at 'jdbc:postgresql://localhost:5432/pma-springbootdb'
2020-08-02 00:17:04.551  INFO 28983 --- [restartedMain] o.s.s.concurrent.ThreadPoolTaskExecutor  : Initializing ExecutorService 'applicationTaskExecutor'
2020-08-02 00:17:04.619  INFO 28983 --- [task-1] j.LocalContainerEntityManagerFactoryBean : Initialized JPA EntityManagerFactory for persistence unit 'default'
2020-08-02 00:17:04.627  WARN 28983 --- [restartedMain] JpaBaseConfiguration$JpaWebConfiguration : spring.jpa.open-in-view is enabled by default. Therefore, database queries may be performed during view rendering. Explicitly configure spring.jpa.open-in-view to disable this warning
2020-08-02 00:17:04.833  INFO 28983 --- [restartedMain] o.s.s.web.DefaultSecurityFilterChain     : Creating filter chain: any request, [org.springframework.security.web.context.request.async.WebAsyncManagerIntegrationFilter@2580a699, org.springframework.security.web.context.SecurityContextPersistenceFilter@5c3e5af0, org.springframework.security.web.header.HeaderWriterFilter@495f7e40, org.springframework.security.web.authentication.logout.LogoutFilter@c069e7e, org.springframework.security.web.authentication.UsernamePasswordAuthenticationFilter@164a09d8, org.springframework.security.web.authentication.ui.DefaultLoginPageGeneratingFilter@62931121, org.springframework.security.web.authentication.ui.DefaultLogoutPageGeneratingFilter@68352ae4, org.springframework.security.web.savedrequest.RequestCacheAwareFilter@14ca9b06, org.springframework.security.web.servletapi.SecurityContextHolderAwareRequestFilter@26554aa1, org.springframework.security.web.authentication.AnonymousAuthenticationFilter@19658bf0, org.springframework.security.web.session.SessionManagementFilter@37ae6597, org.springframework.security.web.access.ExceptionTranslationFilter@ac85e97, org.springframework.security.web.access.intercept.FilterSecurityInterceptor@3e09f51f]
2020-08-02 00:17:04.978  INFO 28983 --- [restartedMain] o.s.b.d.a.OptionalLiveReloadServer       : LiveReload server is running on port 35729
2020-08-02 00:17:04.996  INFO 28983 --- [restartedMain] o.s.b.w.embedded.tomcat.TomcatWebServer  : Tomcat started on port(s): 8080 (http) with context path ''
2020-08-02 00:17:04.997  INFO 28983 --- [restartedMain] DeferredRepositoryInitializationListener : Triggering deferred initialization of Spring Data repositories…
2020-08-02 00:17:05.017  INFO 28983 --- [restartedMain] DeferredRepositoryInitializationListener : Spring Data repositories initialized!
2020-08-02 00:17:05.023  INFO 28983 --- [restartedMain] c.k.pma.ProjectManagementApplication     : Started ProjectManagementApplication in 0.93 seconds (JVM running for 10268.654)
2020-08-02 00:17:05.027  INFO 28983 --- [restartedMain] .ConditionEvaluationDeltaLoggingListener : Condition evaluation unchanged
2020-08-02 00:18:42.818  INFO 28983 --- [Thread-3267] j.LocalContainerEntityManagerFactoryBean : Closing JPA EntityManagerFactory for persistence unit 'default'
2020-08-02 00:18:42.819  INFO 28983 --- [Thread-3267] o.s.s.concurrent.ThreadPoolTaskExecutor  : Shutting down ExecutorService 'applicationTaskExecutor'
2020-08-02 00:18:42.936  INFO 28983 --- [restartedMain] c.k.pma.ProjectManagementApplication     : Starting ProjectManagementApplication on kaush-pc with PID 28983 (/media/kaushika/My_Space/web-development/eclipse-workspace4/project-management/target/classes started by kaushika in /media/kaushika/My_Space/web-development/eclipse-workspace4/project-management)
2020-08-02 00:18:42.936 DEBUG 28983 --- [restartedMain] c.k.pma.ProjectManagementApplication     : Running with Spring Boot v2.3.0.RELEASE, Spring v5.2.6.RELEASE
2020-08-02 00:18:42.936  INFO 28983 --- [restartedMain] c.k.pma.ProjectManagementApplication     : The following profiles are active: dev
2020-08-02 00:18:43.200  INFO 28983 --- [restartedMain] .s.d.r.c.RepositoryConfigurationDelegate : Multiple Spring Data modules found, entering strict repository configuration mode!
2020-08-02 00:18:43.200  INFO 28983 --- [restartedMain] .s.d.r.c.RepositoryConfigurationDelegate : Bootstrapping Spring Data JDBC repositories in DEFAULT mode.
2020-08-02 00:18:43.204  INFO 28983 --- [restartedMain] .RepositoryConfigurationExtensionSupport : Spring Data JDBC - Could not safely identify store assignment for repository candidate interface com.kaush.pma.dao.EmployeeRepository. If you want this repository to be a JDBC repository, consider annotating your entities with one of these annotations: org.springframework.data.relational.core.mapping.Table.
2020-08-02 00:18:43.204  INFO 28983 --- [restartedMain] .RepositoryConfigurationExtensionSupport : Spring Data JDBC - Could not safely identify store assignment for repository candidate interface com.kaush.pma.dao.ProjectRepository. If you want this repository to be a JDBC repository, consider annotating your entities with one of these annotations: org.springframework.data.relational.core.mapping.Table.
2020-08-02 00:18:43.205  INFO 28983 --- [restartedMain] .RepositoryConfigurationExtensionSupport : Spring Data JDBC - Could not safely identify store assignment for repository candidate interface com.kaush.pma.dao.UserAccountRepository. If you want this repository to be a JDBC repository, consider annotating your entities with one of these annotations: org.springframework.data.relational.core.mapping.Table.
2020-08-02 00:18:43.205  INFO 28983 --- [restartedMain] .s.d.r.c.RepositoryConfigurationDelegate : Finished Spring Data repository scanning in 5ms. Found 0 JDBC repository interfaces.
2020-08-02 00:18:43.207  INFO 28983 --- [restartedMain] .s.d.r.c.RepositoryConfigurationDelegate : Multiple Spring Data modules found, entering strict repository configuration mode!
2020-08-02 00:18:43.207  INFO 28983 --- [restartedMain] .s.d.r.c.RepositoryConfigurationDelegate : Bootstrapping Spring Data JPA repositories in DEFERRED mode.
2020-08-02 00:18:43.213  INFO 28983 --- [restartedMain] .s.d.r.c.RepositoryConfigurationDelegate : Finished Spring Data repository scanning in 5ms. Found 3 JPA repository interfaces.
2020-08-02 00:18:43.319  INFO 28983 --- [restartedMain] o.s.b.w.embedded.tomcat.TomcatWebServer  : Tomcat initialized with port(s): 8080 (http)
2020-08-02 00:18:43.330  INFO 28983 --- [restartedMain] o.s.web.context.ContextLoader            : Root WebApplicationContext: initialization completed in 391 ms
2020-08-02 00:18:43.372  INFO 28983 --- [restartedMain] o.s.b.a.h2.H2ConsoleAutoConfiguration    : H2 console available at '/h2-console'. Database available at 'jdbc:postgresql://localhost:5432/pma-springbootdb'
2020-08-02 00:18:43.408  INFO 28983 --- [restartedMain] o.s.s.concurrent.ThreadPoolTaskExecutor  : Initializing ExecutorService 'applicationTaskExecutor'
2020-08-02 00:18:43.466  INFO 28983 --- [task-1] j.LocalContainerEntityManagerFactoryBean : Initialized JPA EntityManagerFactory for persistence unit 'default'
2020-08-02 00:18:43.482  WARN 28983 --- [restartedMain] JpaBaseConfiguration$JpaWebConfiguration : spring.jpa.open-in-view is enabled by default. Therefore, database queries may be performed during view rendering. Explicitly configure spring.jpa.open-in-view to disable this warning
2020-08-02 00:18:43.628  INFO 28983 --- [restartedMain] o.s.s.web.DefaultSecurityFilterChain     : Creating filter chain: any request, [org.springframework.security.web.context.request.async.WebAsyncManagerIntegrationFilter@747954b, org.springframework.security.web.context.SecurityContextPersistenceFilter@5f45a9ad, org.springframework.security.web.header.HeaderWriterFilter@76f0b0b7, org.springframework.security.web.authentication.logout.LogoutFilter@2bc25ff, org.springframework.security.web.authentication.UsernamePasswordAuthenticationFilter@17c0e22e, org.springframework.security.web.authentication.ui.DefaultLoginPageGeneratingFilter@52295ba7, org.springframework.security.web.authentication.ui.DefaultLogoutPageGeneratingFilter@4600160b, org.springframework.security.web.savedrequest.RequestCacheAwareFilter@4aad0c0f, org.springframework.security.web.servletapi.SecurityContextHolderAwareRequestFilter@39ab78e5, org.springframework.security.web.authentication.AnonymousAuthenticationFilter@6200e4cc, org.springframework.security.web.session.SessionManagementFilter@6f809d3a, org.springframework.security.web.access.ExceptionTranslationFilter@39259b19, org.springframework.security.web.access.intercept.FilterSecurityInterceptor@14960649]
2020-08-02 00:18:43.791  INFO 28983 --- [restartedMain] o.s.b.d.a.OptionalLiveReloadServer       : LiveReload server is running on port 35729
2020-08-02 00:18:43.804  INFO 28983 --- [restartedMain] o.s.b.w.embedded.tomcat.TomcatWebServer  : Tomcat started on port(s): 8080 (http) with context path ''
2020-08-02 00:18:43.804  INFO 28983 --- [restartedMain] DeferredRepositoryInitializationListener : Triggering deferred initialization of Spring Data repositories…
2020-08-02 00:18:43.819  INFO 28983 --- [restartedMain] DeferredRepositoryInitializationListener : Spring Data repositories initialized!
2020-08-02 00:18:43.827  INFO 28983 --- [restartedMain] c.k.pma.ProjectManagementApplication     : Started ProjectManagementApplication in 0.914 seconds (JVM running for 10367.459)
2020-08-02 00:18:43.828  INFO 28983 --- [restartedMain] .ConditionEvaluationDeltaLoggingListener : Condition evaluation unchanged
2020-08-02 00:19:10.385  INFO 28983 --- [http-nio-8080-exec-1] o.s.web.servlet.DispatcherServlet        : Initializing Servlet 'dispatcherServlet'
2020-08-02 00:19:10.393  INFO 28983 --- [http-nio-8080-exec-1] o.s.web.servlet.DispatcherServlet        : Completed initialization in 8 ms
2020-08-02 00:19:10.425 DEBUG 28983 --- [http-nio-8080-exec-1] c.k.pma.logging.ApplicationLoggerAspect  : 
  
  

2020-08-02 00:19:10.425 DEBUG 28983 --- [http-nio-8080-exec-1] c.k.pma.logging.ApplicationLoggerAspect  : *************** Logging details before proceed *************  
 com.kaush.pma.controllers.EmployeeController.addEmployee () with argument[s] = [{employee=Employee [employeeId=0, firstName=, lastName=, email=, projects=null], org.springframework.validation.BindingResult.employee=org.springframework.validation.BeanPropertyBindingResult: 5 errors
Field error in object 'employee' on field 'email': rejected value []; codes [NotBlank.employee.email,NotBlank.email,NotBlank.java.lang.String,NotBlank]; arguments [org.springframework.context.support.DefaultMessageSourceResolvable: codes [employee.email,email]; arguments []; default message [email]]; default message [must not be blank]
Field error in object 'employee' on field 'lastName': rejected value []; codes [NotBlank.employee.lastName,NotBlank.lastName,NotBlank.java.lang.String,NotBlank]; arguments [org.springframework.context.support.DefaultMessageSourceResolvable: codes [employee.lastName,lastName]; arguments []; default message [lastName]]; default message [Last name cannot be empty]
Field error in object 'employee' on field 'firstName': rejected value []; codes [NotBlank.employee.firstName,NotBlank.firstName,NotBlank.java.lang.String,NotBlank]; arguments [org.springframework.context.support.DefaultMessageSourceResolvable: codes [employee.firstName,firstName]; arguments []; default message [firstName]]; default message [First name cannot be empty]
Field error in object 'employee' on field 'lastName': rejected value []; codes [Size.employee.lastName,Size.lastName,Size.java.lang.String,Size]; arguments [org.springframework.context.support.DefaultMessageSourceResolvable: codes [employee.lastName,lastName]; arguments []; default message [lastName],50,2]; default message [size must be between 2 and 50]
Field error in object 'employee' on field 'firstName': rejected value []; codes [Size.employee.firstName,Size.firstName,Size.java.lang.String,Size]; arguments [org.springframework.context.support.DefaultMessageSourceResolvable: codes [employee.firstName,firstName]; arguments []; default message [firstName],50,2]; default message [first name should be valid]}, Employee [employeeId=0, firstName=, lastName=, email=, projects=null], org.springframework.validation.BeanPropertyBindingResult: 5 errors
Field error in object 'employee' on field 'email': rejected value []; codes [NotBlank.employee.email,NotBlank.email,NotBlank.java.lang.String,NotBlank]; arguments [org.springframework.context.support.DefaultMessageSourceResolvable: codes [employee.email,email]; arguments []; default message [email]]; default message [must not be blank]
Field error in object 'employee' on field 'lastName': rejected value []; codes [NotBlank.employee.lastName,NotBlank.lastName,NotBlank.java.lang.String,NotBlank]; arguments [org.springframework.context.support.DefaultMessageSourceResolvable: codes [employee.lastName,lastName]; arguments []; default message [lastName]]; default message [Last name cannot be empty]
Field error in object 'employee' on field 'firstName': rejected value []; codes [NotBlank.employee.firstName,NotBlank.firstName,NotBlank.java.lang.String,NotBlank]; arguments [org.springframework.context.support.DefaultMessageSourceResolvable: codes [employee.firstName,firstName]; arguments []; default message [firstName]]; default message [First name cannot be empty]
Field error in object 'employee' on field 'lastName': rejected value []; codes [Size.employee.lastName,Size.lastName,Size.java.lang.String,Size]; arguments [org.springframework.context.support.DefaultMessageSourceResolvable: codes [employee.lastName,lastName]; arguments []; default message [lastName],50,2]; default message [size must be between 2 and 50]
Field error in object 'employee' on field 'firstName': rejected value []; codes [Size.employee.firstName,Size.firstName,Size.java.lang.String,Size]; arguments [org.springframework.context.support.DefaultMessageSourceResolvable: codes [employee.firstName,firstName]; arguments []; default message [firstName],50,2]; default message [first name should be valid]]
2020-08-02 00:19:10.425 DEBUG 28983 --- [http-nio-8080-exec-1] c.k.pma.logging.ApplicationLoggerAspect  : ------------------------------------------------- 
 
 

2020-08-02 00:19:10.428 DEBUG 28983 --- [http-nio-8080-exec-1] c.k.pma.logging.ApplicationLoggerAspect  : 
  
  

2020-08-02 00:19:10.428 DEBUG 28983 --- [http-nio-8080-exec-1] c.k.pma.logging.ApplicationLoggerAspect  : *************** Logging details after proceed *************  
 com.kaush.pma.controllers.EmployeeController.addEmployee () with argument[s] = [{employee=Employee [employeeId=0, firstName=, lastName=, email=, projects=null], org.springframework.validation.BindingResult.employee=org.springframework.validation.BeanPropertyBindingResult: 5 errors
Field error in object 'employee' on field 'email': rejected value []; codes [NotBlank.employee.email,NotBlank.email,NotBlank.java.lang.String,NotBlank]; arguments [org.springframework.context.support.DefaultMessageSourceResolvable: codes [employee.email,email]; arguments []; default message [email]]; default message [must not be blank]
Field error in object 'employee' on field 'lastName': rejected value []; codes [NotBlank.employee.lastName,NotBlank.lastName,NotBlank.java.lang.String,NotBlank]; arguments [org.springframework.context.support.DefaultMessageSourceResolvable: codes [employee.lastName,lastName]; arguments []; default message [lastName]]; default message [Last name cannot be empty]
Field error in object 'employee' on field 'firstName': rejected value []; codes [NotBlank.employee.firstName,NotBlank.firstName,NotBlank.java.lang.String,NotBlank]; arguments [org.springframework.context.support.DefaultMessageSourceResolvable: codes [employee.firstName,firstName]; arguments []; default message [firstName]]; default message [First name cannot be empty]
Field error in object 'employee' on field 'lastName': rejected value []; codes [Size.employee.lastName,Size.lastName,Size.java.lang.String,Size]; arguments [org.springframework.context.support.DefaultMessageSourceResolvable: codes [employee.lastName,lastName]; arguments []; default message [lastName],50,2]; default message [size must be between 2 and 50]
Field error in object 'employee' on field 'firstName': rejected value []; codes [Size.employee.firstName,Size.firstName,Size.java.lang.String,Size]; arguments [org.springframework.context.support.DefaultMessageSourceResolvable: codes [employee.firstName,firstName]; arguments []; default message [firstName],50,2]; default message [first name should be valid]}, Employee [employeeId=0, firstName=, lastName=, email=, projects=null], org.springframework.validation.BeanPropertyBindingResult: 5 errors
Field error in object 'employee' on field 'email': rejected value []; codes [NotBlank.employee.email,NotBlank.email,NotBlank.java.lang.String,NotBlank]; arguments [org.springframework.context.support.DefaultMessageSourceResolvable: codes [employee.email,email]; arguments []; default message [email]]; default message [must not be blank]
Field error in object 'employee' on field 'lastName': rejected value []; codes [NotBlank.employee.lastName,NotBlank.lastName,NotBlank.java.lang.String,NotBlank]; arguments [org.springframework.context.support.DefaultMessageSourceResolvable: codes [employee.lastName,lastName]; arguments []; default message [lastName]]; default message [Last name cannot be empty]
Field error in object 'employee' on field 'firstName': rejected value []; codes [NotBlank.employee.firstName,NotBlank.firstName,NotBlank.java.lang.String,NotBlank]; arguments [org.springframework.context.support.DefaultMessageSourceResolvable: codes [employee.firstName,firstName]; arguments []; default message [firstName]]; default message [First name cannot be empty]
Field error in object 'employee' on field 'lastName': rejected value []; codes [Size.employee.lastName,Size.lastName,Size.java.lang.String,Size]; arguments [org.springframework.context.support.DefaultMessageSourceResolvable: codes [employee.lastName,lastName]; arguments []; default message [lastName],50,2]; default message [size must be between 2 and 50]
Field error in object 'employee' on field 'firstName': rejected value []; codes [Size.employee.firstName,Size.firstName,Size.java.lang.String,Size]; arguments [org.springframework.context.support.DefaultMessageSourceResolvable: codes [employee.firstName,firstName]; arguments []; default message [firstName],50,2]; default message [first name should be valid]]
2020-08-02 00:19:10.429 DEBUG 28983 --- [http-nio-8080-exec-1] c.k.pma.logging.ApplicationLoggerAspect  : ------------------------------------------------- 
 
 

2020-08-02 00:19:18.029 DEBUG 28983 --- [http-nio-8080-exec-3] c.k.pma.logging.ApplicationLoggerAspect  : 
  
  

2020-08-02 00:19:18.030 DEBUG 28983 --- [http-nio-8080-exec-3] c.k.pma.logging.ApplicationLoggerAspect  : *************** Logging details before proceed *************  
 com.kaush.pma.controllers.EmployeeController.addEmployee () with argument[s] = [{employee=Employee [employeeId=0, firstName=, lastName=, email=, projects=null], org.springframework.validation.BindingResult.employee=org.springframework.validation.BeanPropertyBindingResult: 5 errors
Field error in object 'employee' on field 'firstName': rejected value []; codes [Size.employee.firstName,Size.firstName,Size.java.lang.String,Size]; arguments [org.springframework.context.support.DefaultMessageSourceResolvable: codes [employee.firstName,firstName]; arguments []; default message [firstName],50,2]; default message [first name should be valid]
Field error in object 'employee' on field 'lastName': rejected value []; codes [Size.employee.lastName,Size.lastName,Size.java.lang.String,Size]; arguments [org.springframework.context.support.DefaultMessageSourceResolvable: codes [employee.lastName,lastName]; arguments []; default message [lastName],50,2]; default message [size must be between 2 and 50]
Field error in object 'employee' on field 'firstName': rejected value []; codes [NotBlank.employee.firstName,NotBlank.firstName,NotBlank.java.lang.String,NotBlank]; arguments [org.springframework.context.support.DefaultMessageSourceResolvable: codes [employee.firstName,firstName]; arguments []; default message [firstName]]; default message [First name cannot be empty]
Field error in object 'employee' on field 'email': rejected value []; codes [NotBlank.employee.email,NotBlank.email,NotBlank.java.lang.String,NotBlank]; arguments [org.springframework.context.support.DefaultMessageSourceResolvable: codes [employee.email,email]; arguments []; default message [email]]; default message [must not be blank]
Field error in object 'employee' on field 'lastName': rejected value []; codes [NotBlank.employee.lastName,NotBlank.lastName,NotBlank.java.lang.String,NotBlank]; arguments [org.springframework.context.support.DefaultMessageSourceResolvable: codes [employee.lastName,lastName]; arguments []; default message [lastName]]; default message [Last name cannot be empty]}, Employee [employeeId=0, firstName=, lastName=, email=, projects=null], org.springframework.validation.BeanPropertyBindingResult: 5 errors
Field error in object 'employee' on field 'firstName': rejected value []; codes [Size.employee.firstName,Size.firstName,Size.java.lang.String,Size]; arguments [org.springframework.context.support.DefaultMessageSourceResolvable: codes [employee.firstName,firstName]; arguments []; default message [firstName],50,2]; default message [first name should be valid]
Field error in object 'employee' on field 'lastName': rejected value []; codes [Size.employee.lastName,Size.lastName,Size.java.lang.String,Size]; arguments [org.springframework.context.support.DefaultMessageSourceResolvable: codes [employee.lastName,lastName]; arguments []; default message [lastName],50,2]; default message [size must be between 2 and 50]
Field error in object 'employee' on field 'firstName': rejected value []; codes [NotBlank.employee.firstName,NotBlank.firstName,NotBlank.java.lang.String,NotBlank]; arguments [org.springframework.context.support.DefaultMessageSourceResolvable: codes [employee.firstName,firstName]; arguments []; default message [firstName]]; default message [First name cannot be empty]
Field error in object 'employee' on field 'email': rejected value []; codes [NotBlank.employee.email,NotBlank.email,NotBlank.java.lang.String,NotBlank]; arguments [org.springframework.context.support.DefaultMessageSourceResolvable: codes [employee.email,email]; arguments []; default message [email]]; default message [must not be blank]
Field error in object 'employee' on field 'lastName': rejected value []; codes [NotBlank.employee.lastName,NotBlank.lastName,NotBlank.java.lang.String,NotBlank]; arguments [org.springframework.context.support.DefaultMessageSourceResolvable: codes [employee.lastName,lastName]; arguments []; default message [lastName]]; default message [Last name cannot be empty]]
2020-08-02 00:19:18.030 DEBUG 28983 --- [http-nio-8080-exec-3] c.k.pma.logging.ApplicationLoggerAspect  : ------------------------------------------------- 
 
 

2020-08-02 00:19:18.030 DEBUG 28983 --- [http-nio-8080-exec-3] c.k.pma.logging.ApplicationLoggerAspect  : 
  
  

2020-08-02 00:19:18.031 DEBUG 28983 --- [http-nio-8080-exec-3] c.k.pma.logging.ApplicationLoggerAspect  : *************** Logging details after proceed *************  
 com.kaush.pma.controllers.EmployeeController.addEmployee () with argument[s] = [{employee=Employee [employeeId=0, firstName=, lastName=, email=, projects=null], org.springframework.validation.BindingResult.employee=org.springframework.validation.BeanPropertyBindingResult: 5 errors
Field error in object 'employee' on field 'firstName': rejected value []; codes [Size.employee.firstName,Size.firstName,Size.java.lang.String,Size]; arguments [org.springframework.context.support.DefaultMessageSourceResolvable: codes [employee.firstName,firstName]; arguments []; default message [firstName],50,2]; default message [first name should be valid]
Field error in object 'employee' on field 'lastName': rejected value []; codes [Size.employee.lastName,Size.lastName,Size.java.lang.String,Size]; arguments [org.springframework.context.support.DefaultMessageSourceResolvable: codes [employee.lastName,lastName]; arguments []; default message [lastName],50,2]; default message [size must be between 2 and 50]
Field error in object 'employee' on field 'firstName': rejected value []; codes [NotBlank.employee.firstName,NotBlank.firstName,NotBlank.java.lang.String,NotBlank]; arguments [org.springframework.context.support.DefaultMessageSourceResolvable: codes [employee.firstName,firstName]; arguments []; default message [firstName]]; default message [First name cannot be empty]
Field error in object 'employee' on field 'email': rejected value []; codes [NotBlank.employee.email,NotBlank.email,NotBlank.java.lang.String,NotBlank]; arguments [org.springframework.context.support.DefaultMessageSourceResolvable: codes [employee.email,email]; arguments []; default message [email]]; default message [must not be blank]
Field error in object 'employee' on field 'lastName': rejected value []; codes [NotBlank.employee.lastName,NotBlank.lastName,NotBlank.java.lang.String,NotBlank]; arguments [org.springframework.context.support.DefaultMessageSourceResolvable: codes [employee.lastName,lastName]; arguments []; default message [lastName]]; default message [Last name cannot be empty]}, Employee [employeeId=0, firstName=, lastName=, email=, projects=null], org.springframework.validation.BeanPropertyBindingResult: 5 errors
Field error in object 'employee' on field 'firstName': rejected value []; codes [Size.employee.firstName,Size.firstName,Size.java.lang.String,Size]; arguments [org.springframework.context.support.DefaultMessageSourceResolvable: codes [employee.firstName,firstName]; arguments []; default message [firstName],50,2]; default message [first name should be valid]
Field error in object 'employee' on field 'lastName': rejected value []; codes [Size.employee.lastName,Size.lastName,Size.java.lang.String,Size]; arguments [org.springframework.context.support.DefaultMessageSourceResolvable: codes [employee.lastName,lastName]; arguments []; default message [lastName],50,2]; default message [size must be between 2 and 50]
Field error in object 'employee' on field 'firstName': rejected value []; codes [NotBlank.employee.firstName,NotBlank.firstName,NotBlank.java.lang.String,NotBlank]; arguments [org.springframework.context.support.DefaultMessageSourceResolvable: codes [employee.firstName,firstName]; arguments []; default message [firstName]]; default message [First name cannot be empty]
Field error in object 'employee' on field 'email': rejected value []; codes [NotBlank.employee.email,NotBlank.email,NotBlank.java.lang.String,NotBlank]; arguments [org.springframework.context.support.DefaultMessageSourceResolvable: codes [employee.email,email]; arguments []; default message [email]]; default message [must not be blank]
Field error in object 'employee' on field 'lastName': rejected value []; codes [NotBlank.employee.lastName,NotBlank.lastName,NotBlank.java.lang.String,NotBlank]; arguments [org.springframework.context.support.DefaultMessageSourceResolvable: codes [employee.lastName,lastName]; arguments []; default message [lastName]]; default message [Last name cannot be empty]]
2020-08-02 00:19:18.031 DEBUG 28983 --- [http-nio-8080-exec-3] c.k.pma.logging.ApplicationLoggerAspect  : ------------------------------------------------- 
 
 

2020-08-02 00:19:18.690 DEBUG 28983 --- [http-nio-8080-exec-5] c.k.pma.logging.ApplicationLoggerAspect  : 
  
  

2020-08-02 00:19:18.690 DEBUG 28983 --- [http-nio-8080-exec-5] c.k.pma.logging.ApplicationLoggerAspect  : *************** Logging details before proceed *************  
 com.kaush.pma.controllers.AppErrorController.handleError () with argument[s] = [SecurityContextHolderAwareRequestWrapper[ org.springframework.security.web.context.HttpSessionSecurityContextRepository$SaveToSessionRequestWrapper@419b64a4]]
2020-08-02 00:19:18.690 DEBUG 28983 --- [http-nio-8080-exec-5] c.k.pma.logging.ApplicationLoggerAspect  : ------------------------------------------------- 
 
 

2020-08-02 00:19:18.692 DEBUG 28983 --- [http-nio-8080-exec-5] c.k.pma.logging.ApplicationLoggerAspect  : 
  
  

2020-08-02 00:19:18.692 DEBUG 28983 --- [http-nio-8080-exec-5] c.k.pma.logging.ApplicationLoggerAspect  : *************** Logging details after proceed *************  
 com.kaush.pma.controllers.AppErrorController.handleError () with argument[s] = [SecurityContextHolderAwareRequestWrapper[ org.springframework.security.web.context.HttpSessionSecurityContextRepository$SaveToSessionRequestWrapper@419b64a4]]
2020-08-02 00:19:18.692 DEBUG 28983 --- [http-nio-8080-exec-5] c.k.pma.logging.ApplicationLoggerAspect  : ------------------------------------------------- 
 
 

2020-08-02 00:19:20.796 DEBUG 28983 --- [http-nio-8080-exec-7] c.k.pma.logging.ApplicationLoggerAspect  : 
  
  

2020-08-02 00:19:20.796 DEBUG 28983 --- [http-nio-8080-exec-7] c.k.pma.logging.ApplicationLoggerAspect  : *************** Logging details before proceed *************  
 com.kaush.pma.controllers.EmployeeController.addEmployee () with argument[s] = [{employee=Employee [employeeId=0, firstName=, lastName=, email=, projects=null], org.springframework.validation.BindingResult.employee=org.springframework.validation.BeanPropertyBindingResult: 5 errors
Field error in object 'employee' on field 'firstName': rejected value []; codes [NotBlank.employee.firstName,NotBlank.firstName,NotBlank.java.lang.String,NotBlank]; arguments [org.springframework.context.support.DefaultMessageSourceResolvable: codes [employee.firstName,firstName]; arguments []; default message [firstName]]; default message [First name cannot be empty]
Field error in object 'employee' on field 'email': rejected value []; codes [NotBlank.employee.email,NotBlank.email,NotBlank.java.lang.String,NotBlank]; arguments [org.springframework.context.support.DefaultMessageSourceResolvable: codes [employee.email,email]; arguments []; default message [email]]; default message [must not be blank]
Field error in object 'employee' on field 'lastName': rejected value []; codes [NotBlank.employee.lastName,NotBlank.lastName,NotBlank.java.lang.String,NotBlank]; arguments [org.springframework.context.support.DefaultMessageSourceResolvable: codes [employee.lastName,lastName]; arguments []; default message [lastName]]; default message [Last name cannot be empty]
Field error in object 'employee' on field 'firstName': rejected value []; codes [Size.employee.firstName,Size.firstName,Size.java.lang.String,Size]; arguments [org.springframework.context.support.DefaultMessageSourceResolvable: codes [employee.firstName,firstName]; arguments []; default message [firstName],50,2]; default message [first name should be valid]
Field error in object 'employee' on field 'lastName': rejected value []; codes [Size.employee.lastName,Size.lastName,Size.java.lang.String,Size]; arguments [org.springframework.context.support.DefaultMessageSourceResolvable: codes [employee.lastName,lastName]; arguments []; default message [lastName],50,2]; default message [size must be between 2 and 50]}, Employee [employeeId=0, firstName=, lastName=, email=, projects=null], org.springframework.validation.BeanPropertyBindingResult: 5 errors
Field error in object 'employee' on field 'firstName': rejected value []; codes [NotBlank.employee.firstName,NotBlank.firstName,NotBlank.java.lang.String,NotBlank]; arguments [org.springframework.context.support.DefaultMessageSourceResolvable: codes [employee.firstName,firstName]; arguments []; default message [firstName]]; default message [First name cannot be empty]
Field error in object 'employee' on field 'email': rejected value []; codes [NotBlank.employee.email,NotBlank.email,NotBlank.java.lang.String,NotBlank]; arguments [org.springframework.context.support.DefaultMessageSourceResolvable: codes [employee.email,email]; arguments []; default message [email]]; default message [must not be blank]
Field error in object 'employee' on field 'lastName': rejected value []; codes [NotBlank.employee.lastName,NotBlank.lastName,NotBlank.java.lang.String,NotBlank]; arguments [org.springframework.context.support.DefaultMessageSourceResolvable: codes [employee.lastName,lastName]; arguments []; default message [lastName]]; default message [Last name cannot be empty]
Field error in object 'employee' on field 'firstName': rejected value []; codes [Size.employee.firstName,Size.firstName,Size.java.lang.String,Size]; arguments [org.springframework.context.support.DefaultMessageSourceResolvable: codes [employee.firstName,firstName]; arguments []; default message [firstName],50,2]; default message [first name should be valid]
Field error in object 'employee' on field 'lastName': rejected value []; codes [Size.employee.lastName,Size.lastName,Size.java.lang.String,Size]; arguments [org.springframework.context.support.DefaultMessageSourceResolvable: codes [employee.lastName,lastName]; arguments []; default message [lastName],50,2]; default message [size must be between 2 and 50]]
2020-08-02 00:19:20.796 DEBUG 28983 --- [http-nio-8080-exec-7] c.k.pma.logging.ApplicationLoggerAspect  : ------------------------------------------------- 
 
 

2020-08-02 00:19:20.796 DEBUG 28983 --- [http-nio-8080-exec-7] c.k.pma.logging.ApplicationLoggerAspect  : 
  
  

2020-08-02 00:19:20.796 DEBUG 28983 --- [http-nio-8080-exec-7] c.k.pma.logging.ApplicationLoggerAspect  : *************** Logging details after proceed *************  
 com.kaush.pma.controllers.EmployeeController.addEmployee () with argument[s] = [{employee=Employee [employeeId=0, firstName=, lastName=, email=, projects=null], org.springframework.validation.BindingResult.employee=org.springframework.validation.BeanPropertyBindingResult: 5 errors
Field error in object 'employee' on field 'firstName': rejected value []; codes [NotBlank.employee.firstName,NotBlank.firstName,NotBlank.java.lang.String,NotBlank]; arguments [org.springframework.context.support.DefaultMessageSourceResolvable: codes [employee.firstName,firstName]; arguments []; default message [firstName]]; default message [First name cannot be empty]
Field error in object 'employee' on field 'email': rejected value []; codes [NotBlank.employee.email,NotBlank.email,NotBlank.java.lang.String,NotBlank]; arguments [org.springframework.context.support.DefaultMessageSourceResolvable: codes [employee.email,email]; arguments []; default message [email]]; default message [must not be blank]
Field error in object 'employee' on field 'lastName': rejected value []; codes [NotBlank.employee.lastName,NotBlank.lastName,NotBlank.java.lang.String,NotBlank]; arguments [org.springframework.context.support.DefaultMessageSourceResolvable: codes [employee.lastName,lastName]; arguments []; default message [lastName]]; default message [Last name cannot be empty]
Field error in object 'employee' on field 'firstName': rejected value []; codes [Size.employee.firstName,Size.firstName,Size.java.lang.String,Size]; arguments [org.springframework.context.support.DefaultMessageSourceResolvable: codes [employee.firstName,firstName]; arguments []; default message [firstName],50,2]; default message [first name should be valid]
Field error in object 'employee' on field 'lastName': rejected value []; codes [Size.employee.lastName,Size.lastName,Size.java.lang.String,Size]; arguments [org.springframework.context.support.DefaultMessageSourceResolvable: codes [employee.lastName,lastName]; arguments []; default message [lastName],50,2]; default message [size must be between 2 and 50]}, Employee [employeeId=0, firstName=, lastName=, email=, projects=null], org.springframework.validation.BeanPropertyBindingResult: 5 errors
Field error in object 'employee' on field 'firstName': rejected value []; codes [NotBlank.employee.firstName,NotBlank.firstName,NotBlank.java.lang.String,NotBlank]; arguments [org.springframework.context.support.DefaultMessageSourceResolvable: codes [employee.firstName,firstName]; arguments []; default message [firstName]]; default message [First name cannot be empty]
Field error in object 'employee' on field 'email': rejected value []; codes [NotBlank.employee.email,NotBlank.email,NotBlank.java.lang.String,NotBlank]; arguments [org.springframework.context.support.DefaultMessageSourceResolvable: codes [employee.email,email]; arguments []; default message [email]]; default message [must not be blank]
Field error in object 'employee' on field 'lastName': rejected value []; codes [NotBlank.employee.lastName,NotBlank.lastName,NotBlank.java.lang.String,NotBlank]; arguments [org.springframework.context.support.DefaultMessageSourceResolvable: codes [employee.lastName,lastName]; arguments []; default message [lastName]]; default message [Last name cannot be empty]
Field error in object 'employee' on field 'firstName': rejected value []; codes [Size.employee.firstName,Size.firstName,Size.java.lang.String,Size]; arguments [org.springframework.context.support.DefaultMessageSourceResolvable: codes [employee.firstName,firstName]; arguments []; default message [firstName],50,2]; default message [first name should be valid]
Field error in object 'employee' on field 'lastName': rejected value []; codes [Size.employee.lastName,Size.lastName,Size.java.lang.String,Size]; arguments [org.springframework.context.support.DefaultMessageSourceResolvable: codes [employee.lastName,lastName]; arguments []; default message [lastName],50,2]; default message [size must be between 2 and 50]]
2020-08-02 00:19:20.796 DEBUG 28983 --- [http-nio-8080-exec-7] c.k.pma.logging.ApplicationLoggerAspect  : ------------------------------------------------- 
 
 

2020-08-02 00:19:40.481 DEBUG 28983 --- [http-nio-8080-exec-8] c.k.pma.logging.ApplicationLoggerAspect  : 
  
  

2020-08-02 00:19:40.482 DEBUG 28983 --- [http-nio-8080-exec-8] c.k.pma.logging.ApplicationLoggerAspect  : *************** Logging details before proceed *************  
 com.kaush.pma.controllers.EmployeeController.addEmployee () with argument[s] = [{employee=Employee [employeeId=0, firstName=, lastName=, email=3, projects=null], org.springframework.validation.BindingResult.employee=org.springframework.validation.BeanPropertyBindingResult: 5 errors
Field error in object 'employee' on field 'lastName': rejected value []; codes [Size.employee.lastName,Size.lastName,Size.java.lang.String,Size]; arguments [org.springframework.context.support.DefaultMessageSourceResolvable: codes [employee.lastName,lastName]; arguments []; default message [lastName],50,2]; default message [size must be between 2 and 50]
Field error in object 'employee' on field 'firstName': rejected value []; codes [Size.employee.firstName,Size.firstName,Size.java.lang.String,Size]; arguments [org.springframework.context.support.DefaultMessageSourceResolvable: codes [employee.firstName,firstName]; arguments []; default message [firstName],50,2]; default message [first name should be valid]
Field error in object 'employee' on field 'lastName': rejected value []; codes [NotBlank.employee.lastName,NotBlank.lastName,NotBlank.java.lang.String,NotBlank]; arguments [org.springframework.context.support.DefaultMessageSourceResolvable: codes [employee.lastName,lastName]; arguments []; default message [lastName]]; default message [Last name cannot be empty]
Field error in object 'employee' on field 'email': rejected value [3]; codes [Email.employee.email,Email.email,Email.java.lang.String,Email]; arguments [org.springframework.context.support.DefaultMessageSourceResolvable: codes [employee.email,email]; arguments []; default message [email],[Ljavax.validation.constraints.Pattern$Flag;@cce2a9,.*]; default message [Must be an valid email]
Field error in object 'employee' on field 'firstName': rejected value []; codes [NotBlank.employee.firstName,NotBlank.firstName,NotBlank.java.lang.String,NotBlank]; arguments [org.springframework.context.support.DefaultMessageSourceResolvable: codes [employee.firstName,firstName]; arguments []; default message [firstName]]; default message [First name cannot be empty]}, Employee [employeeId=0, firstName=, lastName=, email=3, projects=null], org.springframework.validation.BeanPropertyBindingResult: 5 errors
Field error in object 'employee' on field 'lastName': rejected value []; codes [Size.employee.lastName,Size.lastName,Size.java.lang.String,Size]; arguments [org.springframework.context.support.DefaultMessageSourceResolvable: codes [employee.lastName,lastName]; arguments []; default message [lastName],50,2]; default message [size must be between 2 and 50]
Field error in object 'employee' on field 'firstName': rejected value []; codes [Size.employee.firstName,Size.firstName,Size.java.lang.String,Size]; arguments [org.springframework.context.support.DefaultMessageSourceResolvable: codes [employee.firstName,firstName]; arguments []; default message [firstName],50,2]; default message [first name should be valid]
Field error in object 'employee' on field 'lastName': rejected value []; codes [NotBlank.employee.lastName,NotBlank.lastName,NotBlank.java.lang.String,NotBlank]; arguments [org.springframework.context.support.DefaultMessageSourceResolvable: codes [employee.lastName,lastName]; arguments []; default message [lastName]]; default message [Last name cannot be empty]
Field error in object 'employee' on field 'email': rejected value [3]; codes [Email.employee.email,Email.email,Email.java.lang.String,Email]; arguments [org.springframework.context.support.DefaultMessageSourceResolvable: codes [employee.email,email]; arguments []; default message [email],[Ljavax.validation.constraints.Pattern$Flag;@cce2a9,.*]; default message [Must be an valid email]
Field error in object 'employee' on field 'firstName': rejected value []; codes [NotBlank.employee.firstName,NotBlank.firstName,NotBlank.java.lang.String,NotBlank]; arguments [org.springframework.context.support.DefaultMessageSourceResolvable: codes [employee.firstName,firstName]; arguments []; default message [firstName]]; default message [First name cannot be empty]]
2020-08-02 00:19:40.482 DEBUG 28983 --- [http-nio-8080-exec-8] c.k.pma.logging.ApplicationLoggerAspect  : ------------------------------------------------- 
 
 

2020-08-02 00:19:40.482 DEBUG 28983 --- [http-nio-8080-exec-8] c.k.pma.logging.ApplicationLoggerAspect  : 
  
  

2020-08-02 00:19:40.482 DEBUG 28983 --- [http-nio-8080-exec-8] c.k.pma.logging.ApplicationLoggerAspect  : *************** Logging details after proceed *************  
 com.kaush.pma.controllers.EmployeeController.addEmployee () with argument[s] = [{employee=Employee [employeeId=0, firstName=, lastName=, email=3, projects=null], org.springframework.validation.BindingResult.employee=org.springframework.validation.BeanPropertyBindingResult: 5 errors
Field error in object 'employee' on field 'lastName': rejected value []; codes [Size.employee.lastName,Size.lastName,Size.java.lang.String,Size]; arguments [org.springframework.context.support.DefaultMessageSourceResolvable: codes [employee.lastName,lastName]; arguments []; default message [lastName],50,2]; default message [size must be between 2 and 50]
Field error in object 'employee' on field 'firstName': rejected value []; codes [Size.employee.firstName,Size.firstName,Size.java.lang.String,Size]; arguments [org.springframework.context.support.DefaultMessageSourceResolvable: codes [employee.firstName,firstName]; arguments []; default message [firstName],50,2]; default message [first name should be valid]
Field error in object 'employee' on field 'lastName': rejected value []; codes [NotBlank.employee.lastName,NotBlank.lastName,NotBlank.java.lang.String,NotBlank]; arguments [org.springframework.context.support.DefaultMessageSourceResolvable: codes [employee.lastName,lastName]; arguments []; default message [lastName]]; default message [Last name cannot be empty]
Field error in object 'employee' on field 'email': rejected value [3]; codes [Email.employee.email,Email.email,Email.java.lang.String,Email]; arguments [org.springframework.context.support.DefaultMessageSourceResolvable: codes [employee.email,email]; arguments []; default message [email],[Ljavax.validation.constraints.Pattern$Flag;@cce2a9,.*]; default message [Must be an valid email]
Field error in object 'employee' on field 'firstName': rejected value []; codes [NotBlank.employee.firstName,NotBlank.firstName,NotBlank.java.lang.String,NotBlank]; arguments [org.springframework.context.support.DefaultMessageSourceResolvable: codes [employee.firstName,firstName]; arguments []; default message [firstName]]; default message [First name cannot be empty]}, Employee [employeeId=0, firstName=, lastName=, email=3, projects=null], org.springframework.validation.BeanPropertyBindingResult: 5 errors
Field error in object 'employee' on field 'lastName': rejected value []; codes [Size.employee.lastName,Size.lastName,Size.java.lang.String,Size]; arguments [org.springframework.context.support.DefaultMessageSourceResolvable: codes [employee.lastName,lastName]; arguments []; default message [lastName],50,2]; default message [size must be between 2 and 50]
Field error in object 'employee' on field 'firstName': rejected value []; codes [Size.employee.firstName,Size.firstName,Size.java.lang.String,Size]; arguments [org.springframework.context.support.DefaultMessageSourceResolvable: codes [employee.firstName,firstName]; arguments []; default message [firstName],50,2]; default message [first name should be valid]
Field error in object 'employee' on field 'lastName': rejected value []; codes [NotBlank.employee.lastName,NotBlank.lastName,NotBlank.java.lang.String,NotBlank]; arguments [org.springframework.context.support.DefaultMessageSourceResolvable: codes [employee.lastName,lastName]; arguments []; default message [lastName]]; default message [Last name cannot be empty]
Field error in object 'employee' on field 'email': rejected value [3]; codes [Email.employee.email,Email.email,Email.java.lang.String,Email]; arguments [org.springframework.context.support.DefaultMessageSourceResolvable: codes [employee.email,email]; arguments []; default message [email],[Ljavax.validation.constraints.Pattern$Flag;@cce2a9,.*]; default message [Must be an valid email]
Field error in object 'employee' on field 'firstName': rejected value []; codes [NotBlank.employee.firstName,NotBlank.firstName,NotBlank.java.lang.String,NotBlank]; arguments [org.springframework.context.support.DefaultMessageSourceResolvable: codes [employee.firstName,firstName]; arguments []; default message [firstName]]; default message [First name cannot be empty]]
2020-08-02 00:19:40.482 DEBUG 28983 --- [http-nio-8080-exec-8] c.k.pma.logging.ApplicationLoggerAspect  : ------------------------------------------------- 
 
 

